<?xml version="1.0" encoding="UTF-8"?>
<testsuite name="autotests.crud.DuckUpdateTest" time="0.0" tests="2" errors="0" skipped="0" failures="0">
    <testcase name="DuckUpdateTest.successfulUpdateOfColorAndHeight" classname="autotests.crud.DuckUpdateTest" time="0.0"/>
    <testcase name="DuckUpdateTest.successfulUpdateOfColorAndSound" classname="autotests.crud.DuckUpdateTest" time="0.0"/>
</testsuite>