<?xml version="1.0" encoding="UTF-8"?>
<testsuite name="autotests.crud.DuckCreateTest" time="0.0" tests="2" errors="0" skipped="0" failures="0">
    <testcase name="DuckCreateTest.successfulCreationRubberDuck" classname="autotests.crud.DuckCreateTest" time="0.0"/>
    <testcase name="DuckCreateTest.successfulCreationWoodDuck" classname="autotests.crud.DuckCreateTest" time="0.0"/>
</testsuite>