<?xml version="1.0" encoding="UTF-8"?>
<testsuite name="TestSuite" time="0.0" tests="3" errors="0" skipped="0" failures="0">
    <testcase name="DuckFlyTest.successfulFly" classname="autotests.tests.actions.DuckFlyTest" time="0.0"/>
    <testcase name="DuckFlyTest.successfulNotFly" classname="autotests.tests.actions.DuckFlyTest" time="0.0"/>
    <testcase name="DuckFlyTest.successfulUndefinedStateOfWings" classname="autotests.tests.actions.DuckFlyTest" time="0.0"/>
</testsuite>